[10/03/2023 17:04:37.267401] Escolha um arquivo para enviar...
[10/03/2023 17:04:47.874323] Arquivo escolhido: img/Coracao2.png
[10/03/2023 17:04:47.907014] Sending handshake... for file img/Coracao2.png
[10/03/2023 17:04:47.938014] Waiting response...
[10/03/2023 17:04:49.451543] Handshake sent successfully
[10/03/2023 17:04:49.493779] Data creation start
[10/03/2023 17:04:49.540151] Data processing finished, to be send 17 packets
[10/03/2023 17:04:49.596669] Sending data...
[10/03/2023 17:04:49.637867] Sending packet 1 of 17
[10/03/2023 17:04:51.180828] Packet sent successfully
[10/03/2023 17:04:51.221900] Sending packet 2 of 17
[10/03/2023 17:04:52.775149] Packet sent successfully
[10/03/2023 17:04:52.821485] Sending packet 3 of 17
[10/03/2023 17:04:54.364346] Packet sent successfully
[10/03/2023 17:04:54.395701] Sending packet 4 of 17
[10/03/2023 17:04:55.937453] Packet sent successfully
[10/03/2023 17:04:55.979566] Sending packet 5 of 17
[10/03/2023 17:05:01.038050] Resending packet 5 of 17
[10/03/2023 17:05:02.574791] Packet sent successfully
[10/03/2023 17:05:02.615904] Sending packet 6 of 17
[10/03/2023 17:05:04.148116] Invalid packet
[10/03/2023 17:05:04.199542] Sending packet 6 of 17
[10/03/2023 17:05:05.757835] Error, expected packet number: 7, last valid packet: 6
[10/03/2023 17:05:05.804183] Sending packet 7 of 17
[10/03/2023 17:05:07.341492] Packet sent successfully
[10/03/2023 17:05:07.388062] Sending packet 8 of 17
[10/03/2023 17:05:08.941196] Packet sent successfully
[10/03/2023 17:05:08.992998] Sending packet 9 of 17
[10/03/2023 17:05:10.541017] Packet sent successfully
[10/03/2023 17:05:10.587340] Sending packet 10 of 17
[10/03/2023 17:05:12.125190] Packet sent successfully
[10/03/2023 17:05:12.166332] Sending packet 11 of 17
[10/03/2023 17:05:13.719244] Packet sent successfully
[10/03/2023 17:05:13.771220] Sending packet 12 of 17
[10/03/2023 17:05:15.303708] Packet sent successfully
[10/03/2023 17:05:15.324611] Sending packet 13 of 17
[10/03/2023 17:05:16.869579] Packet sent successfully
[10/03/2023 17:05:16.895563] Sending packet 14 of 17
[10/03/2023 17:05:18.452925] Packet sent successfully
[10/03/2023 17:05:18.504417] Sending packet 15 of 17
[10/03/2023 17:05:20.060110] Packet sent successfully
[10/03/2023 17:05:20.106677] Sending packet 16 of 17
[10/03/2023 17:05:21.664799] Packet sent successfully
[10/03/2023 17:05:21.711039] Sending packet 17 of 17
[10/03/2023 17:05:23.264100] Packet sent successfully
[10/03/2023 17:05:23.310599] Todos os pacotes foram enviados com sucesso.
[10/03/2023 17:05:23.346823] -------------------------
[10/03/2023 17:05:23.398146] Comunicação encerrada
[10/03/2023 17:05:23.439426] -------------------------
