[15/03/2023 15:29:58.649109] Iniciando interface fisica...
[15/03/2023 15:29:58.649626] Iniciando interface de transmissão...
[15/03/2023 15:29:58.649962] Iniciando interface de recepção...
[15/03/2023 15:29:58.655444] Waiting for handshake packet...
[15/03/2023 15:30:06.240359] Received handshake for 2, sending confirmation...
[15/03/2023 15:30:07.250858] Sending 14 bytes...
[15/03/2023 15:30:07.291762] Data: b'\x02\x00\x00\x01\x01\x00\x00\x00\x00\x00\xaa\xbb\xcc\xdd'
[15/03/2023 15:30:07.342945] Waiting for first data packet for 2...
[15/03/2023 15:30:08.384367] First data packet received.
[15/03/2023 15:30:08.410347] Sending validation packet for packet 1...
[15/03/2023 15:30:08.446288] Sending 14 bytes...
[15/03/2023 15:30:08.492497] Data: b'\x04\x00\x00\x01\x01\x00\x00\x01\x00\x00\xaa\xbb\xcc\xdd'
[15/03/2023 15:30:08.549378] Waiting for packet 2 of 17...
[15/03/2023 15:30:10.075455] Packet 2 of 17 received.
[15/03/2023 15:30:10.106584] Sending validation packet for packet 2...
[15/03/2023 15:30:10.163239] Sending 14 bytes...
[15/03/2023 15:30:10.209572] Data: b'\x04\x00\x00\x01\x01\x00\x00\x02\x00\x00\xaa\xbb\xcc\xdd'
[15/03/2023 15:30:10.276352] Waiting for packet 3 of 17...
[15/03/2023 15:30:11.812696] Packet 3 of 17 received.
[15/03/2023 15:30:11.874410] Sending validation packet for packet 3...
[15/03/2023 15:30:11.930857] Sending 14 bytes...
[15/03/2023 15:30:11.992499] Data: b'\x04\x00\x00\x01\x01\x00\x00\x03\x00\x00\xaa\xbb\xcc\xdd'
[15/03/2023 15:30:12.048859] Waiting for packet 4 of 17...
[15/03/2023 15:30:13.575134] Packet 4 of 17 received.
[15/03/2023 15:30:13.621479] Sending validation packet for packet 4...
[15/03/2023 15:30:13.672810] Sending 14 bytes...
[15/03/2023 15:30:13.734424] Data: b'\x04\x00\x00\x01\x01\x00\x00\x04\x00\x00\xaa\xbb\xcc\xdd'
[15/03/2023 15:30:13.805974] Waiting for packet 5 of 17...
[15/03/2023 15:30:14.862615] Packet 5 of 17 received.
[15/03/2023 15:30:14.924193] Sending validation packet for packet 5...
[15/03/2023 15:30:14.985910] Sending 14 bytes...
[15/03/2023 15:30:15.042319] Data: b'\x04\x00\x00\x01\x01\x00\x00\x05\x00\x00\xaa\xbb\xcc\xdd'
[15/03/2023 15:30:15.093895] Waiting for packet 6 of 17...
[15/03/2023 15:30:16.624571] Packet 6 of 17 received.
[15/03/2023 15:30:16.686112] Sending validation packet for packet 6...
[15/03/2023 15:30:16.727327] Sending 14 bytes...
[15/03/2023 15:30:16.773922] Data: b'\x04\x00\x00\x01\x01\x00\x00\x06\x00\x00\xaa\xbb\xcc\xdd'
[15/03/2023 15:30:16.820107] Waiting for packet 7 of 17...
[15/03/2023 15:30:18.366736] Packet 7 of 17 received.
[15/03/2023 15:30:18.423110] Sending validation packet for packet 7...
[15/03/2023 15:30:18.474604] Sending 14 bytes...
[15/03/2023 15:30:18.521082] Data: b'\x04\x00\x00\x01\x01\x00\x00\x07\x00\x00\xaa\xbb\xcc\xdd'
[15/03/2023 15:30:18.572434] Waiting for packet 8 of 17...
[15/03/2023 15:30:20.129185] Packet 8 of 17 received.
[15/03/2023 15:30:20.175437] Sending validation packet for packet 8...
[15/03/2023 15:30:20.237020] Sending 14 bytes...
[15/03/2023 15:30:20.278161] Data: b'\x04\x00\x00\x01\x01\x00\x00\x08\x00\x00\xaa\xbb\xcc\xdd'
[15/03/2023 15:30:20.329620] Waiting for packet 9 of 17...
[15/03/2023 15:30:21.855740] Packet 9 of 17 received.
[15/03/2023 15:30:21.917177] Sending validation packet for packet 9...
[15/03/2023 15:30:21.983589] Sending 14 bytes...
[15/03/2023 15:30:22.029635] Data: b'\x04\x00\x00\x01\x01\x00\x00\t\x00\x00\xaa\xbb\xcc\xdd'
[15/03/2023 15:30:22.086053] Waiting for packet 10 of 17...
[15/03/2023 15:30:23.617106] Packet 10 of 17 received.
[15/03/2023 15:30:23.663008] Sending validation packet for packet 10...
[15/03/2023 15:30:23.714008] Sending 14 bytes...
[15/03/2023 15:30:23.759841] Data: b'\x04\x00\x00\x01\x01\x00\x00\n\x00\x00\xaa\xbb\xcc\xdd'
[15/03/2023 15:30:23.800701] Waiting for packet 11 of 17...
[15/03/2023 15:30:25.326840] Packet 11 of 17 received.
[15/03/2023 15:30:25.368006] Sending validation packet for packet 11...
[15/03/2023 15:30:25.399139] Sending 14 bytes...
[15/03/2023 15:30:25.399312] Data: b'\x04\x00\x00\x01\x01\x00\x00\x0b\x00\x00\xaa\xbb\xcc\xdd'
[15/03/2023 15:30:25.435329] Waiting for packet 12 of 17...
[15/03/2023 15:30:26.981805] Packet 12 of 17 received.
[15/03/2023 15:30:27.043224] Sending validation packet for packet 12...
[15/03/2023 15:30:27.089526] Sending 14 bytes...
[15/03/2023 15:30:27.135742] Data: b'\x04\x00\x00\x01\x01\x00\x00\x0c\x00\x00\xaa\xbb\xcc\xdd'
[15/03/2023 15:30:27.187106] Waiting for packet 13 of 17...
[15/03/2023 15:30:28.712800] Packet 13 of 17 received.
[15/03/2023 15:30:28.763956] Sending validation packet for packet 13...
[15/03/2023 15:30:28.815372] Sending 14 bytes...
[15/03/2023 15:30:28.876641] Data: b'\x04\x00\x00\x01\x01\x00\x00\r\x00\x00\xaa\xbb\xcc\xdd'
[15/03/2023 15:30:28.922935] Waiting for packet 14 of 17...
[15/03/2023 15:30:30.443856] Packet 14 of 17 received.
[15/03/2023 15:30:30.480240] Sending validation packet for packet 14...
[15/03/2023 15:30:30.516862] Sending 14 bytes...
[15/03/2023 15:30:30.568112] Data: b'\x04\x00\x00\x01\x01\x00\x00\x0e\x00\x00\xaa\xbb\xcc\xdd'
[15/03/2023 15:30:30.634795] Waiting for packet 15 of 17...
[15/03/2023 15:30:32.150682] Packet 15 of 17 received.
[15/03/2023 15:30:32.207335] Sending validation packet for packet 15...
[15/03/2023 15:30:32.263870] Sending 14 bytes...
[15/03/2023 15:30:32.315247] Data: b'\x04\x00\x00\x01\x01\x00\x00\x0f\x00\x00\xaa\xbb\xcc\xdd'
[15/03/2023 15:30:32.376603] Waiting for packet 16 of 17...
[15/03/2023 15:30:33.902292] Packet 16 of 17 received.
[15/03/2023 15:30:33.948498] Sending validation packet for packet 16...
[15/03/2023 15:30:33.999948] Sending 14 bytes...
[15/03/2023 15:30:34.061539] Data: b'\x04\x00\x00\x01\x01\x00\x00\x10\x00\x00\xaa\xbb\xcc\xdd'
[15/03/2023 15:30:34.128174] Sending validation packet for packet 17...
[15/03/2023 15:30:34.138534] Sending 14 bytes...
[15/03/2023 15:30:34.194857] Data: b'\x04\x00\x00\x01\x01\x00\x00\x11\x00\x00\xaa\xbb\xcc\xdd'
[15/03/2023 15:30:34.261543] All packets received.
[15/03/2023 15:30:34.312913] Writting file with 1824 bytes.
[15/03/2023 15:30:34.379475] Writing data/recived.png...
[15/03/2023 15:30:34.466660] File written.
[15/03/2023 15:30:34.507738] -------------------------
[15/03/2023 15:30:34.549440] Comunication ended.
[15/03/2023 15:30:34.549547] -------------------------
[15/03/2023 15:30:34.549607] Waiting for handshake packet...
[15/03/2023 15:30:35.565545] Received b'\x03', ignoring...
[15/03/2023 15:30:35.586268] Waiting for handshake packet...
