[10/03/2023 17:04:35.538738] Waiting for handshake packet...
[10/03/2023 17:04:48.083014] Packet received.
[10/03/2023 17:04:48.124134] Handshake packet received.
[10/03/2023 17:04:48.175696] Handshake packet is valid.
[10/03/2023 17:04:49.739001] Packet 1 of 17 received.
[10/03/2023 17:04:49.785338] Packet 1 of 17 is valid.
[10/03/2023 17:04:49.826341] Sending validation for packet 1 of 17.
[10/03/2023 17:04:51.370285] Packet 2 of 17 received.
[10/03/2023 17:04:51.411464] Packet 2 of 17 is valid.
[10/03/2023 17:04:51.473090] Sending validation for packet 2 of 17.
[10/03/2023 17:04:53.036273] Packet 3 of 17 received.
[10/03/2023 17:04:53.087528] Packet 3 of 17 is valid.
[10/03/2023 17:04:53.138721] Sending validation for packet 3 of 17.
[10/03/2023 17:04:54.702308] Packet 4 of 17 received.
[10/03/2023 17:04:54.723053] Packet 4 of 17 is valid.
[10/03/2023 17:04:54.753748] Sending validation for packet 4 of 17.
[10/03/2023 17:04:56.307073] Packet 5 of 17 received.
[10/03/2023 17:04:56.358382] Packet 5 of 17 is valid.
[10/03/2023 17:04:56.409650] Sending validation for packet 5 of 17.
[10/03/2023 17:04:58.468461] Reenviando pacote de confirmação para o pacote 5
[10/03/2023 17:05:00.532115] Reenviando pacote de confirmação para o pacote 5
[10/03/2023 17:05:01.609710] Invalid packet, expected packet number 6, but received 5.
[10/03/2023 17:05:01.645649] Sending error for packet 6 of 17.
[10/03/2023 17:05:03.218746] Packet 6 of 17 received.
[10/03/2023 17:05:03.266056] Packet 6 of 17 is valid.
[10/03/2023 17:05:03.307126] Sending validation for packet 6 of 17.
[10/03/2023 17:05:04.374831] Invalid packet, expected packet number 7, but received 6.
[10/03/2023 17:05:04.410696] Sending error for packet 7 of 17.
[10/03/2023 17:05:05.983621] Packet 7 of 17 received.
[10/03/2023 17:05:06.029973] Packet 7 of 17 is valid.
[10/03/2023 17:05:06.070957] Sending validation for packet 7 of 17.
[10/03/2023 17:05:07.628731] Packet 8 of 17 received.
[10/03/2023 17:05:07.675090] Packet 8 of 17 is valid.
[10/03/2023 17:05:07.721448] Sending validation for packet 8 of 17.
[10/03/2023 17:05:09.284760] Packet 9 of 17 received.
[10/03/2023 17:05:09.325815] Packet 9 of 17 is valid.
[10/03/2023 17:05:09.367219] Sending validation for packet 9 of 17.
[10/03/2023 17:05:10.935992] Packet 10 of 17 received.
[10/03/2023 17:05:10.982439] Packet 10 of 17 is valid.
[10/03/2023 17:05:11.028532] Sending validation for packet 10 of 17.
[10/03/2023 17:05:12.586895] Packet 11 of 17 received.
[10/03/2023 17:05:12.612774] Packet 11 of 17 is valid.
[10/03/2023 17:05:12.664117] Sending validation for packet 11 of 17.
[10/03/2023 17:05:14.222621] Packet 12 of 17 received.
[10/03/2023 17:05:14.263921] Packet 12 of 17 is valid.
[10/03/2023 17:05:14.305146] Sending validation for packet 12 of 17.
[10/03/2023 17:05:15.873783] Packet 13 of 17 received.
[10/03/2023 17:05:15.909902] Packet 13 of 17 is valid.
[10/03/2023 17:05:15.956165] Sending validation for packet 13 of 17.
[10/03/2023 17:05:17.529644] Packet 14 of 17 received.
[10/03/2023 17:05:17.587371] Packet 14 of 17 is valid.
[10/03/2023 17:05:17.628591] Sending validation for packet 14 of 17.
[10/03/2023 17:05:18.676360] Packet 15 of 17 received.
[10/03/2023 17:05:18.722516] Packet 15 of 17 is valid.
[10/03/2023 17:05:18.763630] Sending validation for packet 15 of 17.
[10/03/2023 17:05:20.331722] Packet 16 of 17 received.
[10/03/2023 17:05:20.378071] Packet 16 of 17 is valid.
[10/03/2023 17:05:20.419211] Sending validation for packet 16 of 17.
[10/03/2023 17:05:21.977693] Packet 17 of 17 received.
[10/03/2023 17:05:22.039462] Packet 17 of 17 is valid.
[10/03/2023 17:05:22.085827] Sending validation for packet 17 of 17.
[10/03/2023 17:05:22.122007] Writting file with 1855 bytes.
[10/03/2023 17:05:22.153392] File written.
[10/03/2023 17:05:22.194459] -------------------------
[10/03/2023 17:05:22.235479] Comunication ended.
[10/03/2023 17:05:22.266693] -------------------------
